2022-10-29 17:40:56.144 [main] INFO  org.example.Main - Application successfully started.
2022-10-29 17:40:56.165 [main] INFO  org.example.service.DataGeneratorService - Started to generate sample data.
2022-10-29 17:40:56.355 [main] INFO  org.example.service.DataGeneratorService - Finish to generate sample data.
2022-10-29 17:40:56.410 [main] INFO  org.example.Main - Application successfully finished.
2022-10-29 17:40:56.411 [pool-4-thread-1] INFO  org.example.producer.Producer - Started to scan directory + ./data
2022-10-29 17:40:56.430 [pool-4-thread-1] INFO  org.example.producer.Producer - Task for ./data/input1.txt was successfully created.
2022-10-29 17:40:56.430 [pool-4-thread-1] INFO  org.example.producer.Producer - Task for ./data/input0.txt was successfully created.
2022-10-29 17:40:56.430 [pool-4-thread-1] INFO  org.example.producer.Producer - Task for ./data/input2.txt was successfully created.
2022-10-29 17:40:56.431 [pool-4-thread-1] INFO  org.example.producer.Producer - Task for ./data/input3.txt was successfully created.
2022-10-29 17:40:56.431 [pool-4-thread-1] INFO  org.example.producer.Producer - Task for ./data/input7.txt was successfully created.
2022-10-29 17:40:56.431 [pool-4-thread-1] INFO  org.example.producer.Producer - Task for ./data/input6.txt was successfully created.
2022-10-29 17:40:56.432 [pool-4-thread-1] INFO  org.example.producer.Producer - Task for ./data/input4.txt was successfully created.
2022-10-29 17:40:56.432 [pool-4-thread-1] INFO  org.example.producer.Producer - Task for ./data/input5.txt was successfully created.
2022-10-29 17:40:56.432 [pool-4-thread-1] INFO  org.example.producer.Producer - Task for ./data/input8.txt was successfully created.
2022-10-29 17:40:56.436 [pool-4-thread-1] INFO  org.example.producer.Producer - Task for ./data/input9.txt was successfully created.
2022-10-29 17:40:56.437 [pool-4-thread-1] INFO  org.example.producer.Producer - Finished to scan directory ./data
2022-10-29 17:40:56.446 [pool-2-thread-2] INFO  org.example.service.FileAnalyzingTask - [012345566 KPetrovich] record was created.
2022-10-29 17:40:56.446 [pool-3-thread-1] INFO  org.example.recorder.Recorder - ./report/report.txt report record for [012345566 KPetrovich] from the file: ./data/input1.txt
 was successfully formed.
2022-10-29 17:40:56.463 [pool-2-thread-2] INFO  org.example.consumer.Consumer - Executing task for Analazying task for ./data/input1.txt
2022-10-29 17:40:56.496 [pool-3-thread-1] INFO  org.example.recorder.Recorder - [012345566 KPetrovich] from the file: ./data/input1.txt
[012345566 KPetrovich] from the file: ./data/input2.txt
[012345566 KPetrovich] from the file: ./data/input3.txt
[012345566 KPetrovich] from the file: ./data/input7.txt
[012345566 KPetrovich] from the file: ./data/input0.txt
[012345566 KPetrovich] from the file: ./data/input6.txt
[012345566 KPetrovich] from the file: ./data/input4.txt
[012345566 KPetrovich] from the file: ./data/input8.txt
[012345566 KPetrovich] from the file: ./data/input5.txt
[012345566 KPetrovich] from the file: ./data/input9.txt
[012345566 KPetrovich] from the file: ./data/input1.txt
[012345566 KPetrovich] from the file: ./data/input2.txt
[012345566 KPetrovich] from the file: ./data/input3.txt
[012345566 KPetrovich] from the file: ./data/input0.txt
[012345566 KPetrovich] from the file: ./data/input6.txt
[012345566 KPetrovich] from the file: ./data/input4.txt
[012345566 KPetrovich] from the file: ./data/input5.txt
[012345566 KPetrovich] from the file: ./data/input7.txt
[012345566 KPetrovich] from the file: ./data/input9.txt
[012345566 KPetrovich] from the file: ./data/input8.txt
[012345566 KPetrovich] from the file: ./data/input1.txt
[012345566 KPetrovich] from the file: ./data/input2.txt
[012345566 KPetrovich] from the file: ./data/input0.txt
[012345566 KPetrovich] from the file: ./data/input3.txt
[012345566 KPetrovich] from the file: ./data/input7.txt
[012345566 KPetrovich] from the file: ./data/input6.txt
[012345566 KPetrovich] from the file: ./data/input4.txt
[012345566 KPetrovich] from the file: ./data/input5.txt
[012345566 KPetrovich] from the file: ./data/input9.txt
[012345566 KPetrovich] from the file: ./data/input8.txt
[012345566 KPetrovich] from the file: ./data/input0.txt
[012345566 KPetrovich] from the file: ./data/input2.txt
[012345566 KPetrovich] from the file: ./data/input1.txt
[012345566 KPetrovich] from the file: ./data/input7.txt
[012345566 KPetrovich] from the file: ./data/input3.txt
[012345566 KPetrovich] from the file: ./data/input4.txt
[012345566 KPetrovich] from the file: ./data/input5.txt
[012345566 KPetrovich] from the file: ./data/input6.txt
[012345566 KPetrovich] from the file: ./data/input8.txt
[012345566 KPetrovich] from the file: ./data/input9.txt
[012345566 KPetrovich] from the file: ./data/input1.txt
[012345566 KPetrovich] from the file: ./data/input2.txt
[012345566 KPetrovich] from the file: ./data/input3.txt
[012345566 KPetrovich] from the file: ./data/input0.txt
[012345566 KPetrovich] from the file: ./data/input7.txt
[012345566 KPetrovich] from the file: ./data/input6.txt
[012345566 KPetrovich] from the file: ./data/input4.txt
[012345566 KPetrovich] from the file: ./data/input8.txt
[012345566 KPetrovich] from the file: ./data/input9.txt
[012345566 KPetrovich] from the file: ./data/input5.txt
[012345566 KPetrovich] from the file: ./data/input1.txt
[012345566 KPetrovich] from the file: ./data/input2.txt
[012345566 KPetrovich] from the file: ./data/input3.txt
[012345566 KPetrovich] from the file: ./data/input7.txt
[012345566 KPetrovich] from the file: ./data/input6.txt
[012345566 KPetrovich] from the file: ./data/input4.txt
[012345566 KPetrovich] from the file: ./data/input5.txt
[012345566 KPetrovich] from the file: ./data/input8.txt
[012345566 KPetrovich] from the file: ./data/input9.txt
[012345566 KPetrovich] from the file: ./data/input0.txt
[012345566 KPetrovich] from the file: ./data/input1.txt
 report was successfully created in ./report/report.txt.
2022-10-29 17:40:56.498 [pool-2-thread-2] INFO  org.example.service.FileAnalyzingTask - [012345566 KPetrovich] record was created.
2022-10-29 17:40:56.500 [pool-3-thread-1] INFO  org.example.recorder.Recorder - ./report/report.txt report record for [012345566 KPetrovich] from the file: ./data/input2.txt
 was successfully formed.
2022-10-29 17:40:56.513 [pool-2-thread-2] INFO  org.example.consumer.Consumer - Executing task for Analazying task for ./data/input2.txt
2022-10-29 17:40:56.552 [pool-3-thread-1] INFO  org.example.recorder.Recorder - [012345566 KPetrovich] from the file: ./data/input1.txt
[012345566 KPetrovich] from the file: ./data/input2.txt
[012345566 KPetrovich] from the file: ./data/input3.txt
[012345566 KPetrovich] from the file: ./data/input7.txt
[012345566 KPetrovich] from the file: ./data/input0.txt
[012345566 KPetrovich] from the file: ./data/input6.txt
[012345566 KPetrovich] from the file: ./data/input4.txt
[012345566 KPetrovich] from the file: ./data/input8.txt
[012345566 KPetrovich] from the file: ./data/input5.txt
[012345566 KPetrovich] from the file: ./data/input9.txt
[012345566 KPetrovich] from the file: ./data/input1.txt
[012345566 KPetrovich] from the file: ./data/input2.txt
[012345566 KPetrovich] from the file: ./data/input3.txt
[012345566 KPetrovich] from the file: ./data/input0.txt
[012345566 KPetrovich] from the file: ./data/input6.txt
[012345566 KPetrovich] from the file: ./data/input4.txt
[012345566 KPetrovich] from the file: ./data/input5.txt
[012345566 KPetrovich] from the file: ./data/input7.txt
[012345566 KPetrovich] from the file: ./data/input9.txt
[012345566 KPetrovich] from the file: ./data/input8.txt
[012345566 KPetrovich] from the file: ./data/input1.txt
[012345566 KPetrovich] from the file: ./data/input2.txt
[012345566 KPetrovich] from the file: ./data/input0.txt
[012345566 KPetrovich] from the file: ./data/input3.txt
[012345566 KPetrovich] from the file: ./data/input7.txt
[012345566 KPetrovich] from the file: ./data/input6.txt
[012345566 KPetrovich] from the file: ./data/input4.txt
[012345566 KPetrovich] from the file: ./data/input5.txt
[012345566 KPetrovich] from the file: ./data/input9.txt
[012345566 KPetrovich] from the file: ./data/input8.txt
[012345566 KPetrovich] from the file: ./data/input0.txt
[012345566 KPetrovich] from the file: ./data/input2.txt
[012345566 KPetrovich] from the file: ./data/input1.txt
[012345566 KPetrovich] from the file: ./data/input7.txt
[012345566 KPetrovich] from the file: ./data/input3.txt
[012345566 KPetrovich] from the file: ./data/input4.txt
[012345566 KPetrovich] from the file: ./data/input5.txt
[012345566 KPetrovich] from the file: ./data/input6.txt
[012345566 KPetrovich] from the file: ./data/input8.txt
[012345566 KPetrovich] from the file: ./data/input9.txt
[012345566 KPetrovich] from the file: ./data/input1.txt
[012345566 KPetrovich] from the file: ./data/input2.txt
[012345566 KPetrovich] from the file: ./data/input3.txt
[012345566 KPetrovich] from the file: ./data/input0.txt
[012345566 KPetrovich] from the file: ./data/input7.txt
[012345566 KPetrovich] from the file: ./data/input6.txt
[012345566 KPetrovich] from the file: ./data/input4.txt
[012345566 KPetrovich] from the file: ./data/input8.txt
[012345566 KPetrovich] from the file: ./data/input9.txt
[012345566 KPetrovich] from the file: ./data/input5.txt
[012345566 KPetrovich] from the file: ./data/input1.txt
[012345566 KPetrovich] from the file: ./data/input2.txt
[012345566 KPetrovich] from the file: ./data/input3.txt
[012345566 KPetrovich] from the file: ./data/input7.txt
[012345566 KPetrovich] from the file: ./data/input6.txt
[012345566 KPetrovich] from the file: ./data/input4.txt
[012345566 KPetrovich] from the file: ./data/input5.txt
[012345566 KPetrovich] from the file: ./data/input8.txt
[012345566 KPetrovich] from the file: ./data/input9.txt
[012345566 KPetrovich] from the file: ./data/input0.txt
[012345566 KPetrovich] from the file: ./data/input1.txt
[012345566 KPetrovich] from the file: ./data/input2.txt
 report was successfully created in ./report/report.txt.
2022-10-29 17:40:56.570 [pool-2-thread-2] INFO  org.example.service.FileAnalyzingTask - [012345566 KPetrovich] record was created.
2022-10-29 17:40:56.570 [pool-3-thread-1] INFO  org.example.recorder.Recorder - ./report/report.txt report record for [012345566 KPetrovich] from the file: ./data/input3.txt
 was successfully formed.
2022-10-29 17:40:56.571 [pool-2-thread-2] INFO  org.example.consumer.Consumer - Executing task for Analazying task for ./data/input3.txt
2022-10-29 17:40:56.571 [pool-3-thread-1] INFO  org.example.recorder.Recorder - [012345566 KPetrovich] from the file: ./data/input1.txt
[012345566 KPetrovich] from the file: ./data/input2.txt
[012345566 KPetrovich] from the file: ./data/input3.txt
[012345566 KPetrovich] from the file: ./data/input7.txt
[012345566 KPetrovich] from the file: ./data/input0.txt
[012345566 KPetrovich] from the file: ./data/input6.txt
[012345566 KPetrovich] from the file: ./data/input4.txt
[012345566 KPetrovich] from the file: ./data/input8.txt
[012345566 KPetrovich] from the file: ./data/input5.txt
[012345566 KPetrovich] from the file: ./data/input9.txt
[012345566 KPetrovich] from the file: ./data/input1.txt
[012345566 KPetrovich] from the file: ./data/input2.txt
[012345566 KPetrovich] from the file: ./data/input3.txt
[012345566 KPetrovich] from the file: ./data/input0.txt
[012345566 KPetrovich] from the file: ./data/input6.txt
[012345566 KPetrovich] from the file: ./data/input4.txt
[012345566 KPetrovich] from the file: ./data/input5.txt
[012345566 KPetrovich] from the file: ./data/input7.txt
[012345566 KPetrovich] from the file: ./data/input9.txt
[012345566 KPetrovich] from the file: ./data/input8.txt
[012345566 KPetrovich] from the file: ./data/input1.txt
[012345566 KPetrovich] from the file: ./data/input2.txt
[012345566 KPetrovich] from the file: ./data/input0.txt
[012345566 KPetrovich] from the file: ./data/input3.txt
[012345566 KPetrovich] from the file: ./data/input7.txt
[012345566 KPetrovich] from the file: ./data/input6.txt
[012345566 KPetrovich] from the file: ./data/input4.txt
[012345566 KPetrovich] from the file: ./data/input5.txt
[012345566 KPetrovich] from the file: ./data/input9.txt
[012345566 KPetrovich] from the file: ./data/input8.txt
[012345566 KPetrovich] from the file: ./data/input0.txt
[012345566 KPetrovich] from the file: ./data/input2.txt
[012345566 KPetrovich] from the file: ./data/input1.txt
[012345566 KPetrovich] from the file: ./data/input7.txt
[012345566 KPetrovich] from the file: ./data/input3.txt
[012345566 KPetrovich] from the file: ./data/input4.txt
[012345566 KPetrovich] from the file: ./data/input5.txt
[012345566 KPetrovich] from the file: ./data/input6.txt
[012345566 KPetrovich] from the file: ./data/input8.txt
[012345566 KPetrovich] from the file: ./data/input9.txt
[012345566 KPetrovich] from the file: ./data/input1.txt
[012345566 KPetrovich] from the file: ./data/input2.txt
[012345566 KPetrovich] from the file: ./data/input3.txt
[012345566 KPetrovich] from the file: ./data/input0.txt
[012345566 KPetrovich] from the file: ./data/input7.txt
[012345566 KPetrovich] from the file: ./data/input6.txt
[012345566 KPetrovich] from the file: ./data/input4.txt
[012345566 KPetrovich] from the file: ./data/input8.txt
[012345566 KPetrovich] from the file: ./data/input9.txt
[012345566 KPetrovich] from the file: ./data/input5.txt
[012345566 KPetrovich] from the file: ./data/input1.txt
[012345566 KPetrovich] from the file: ./data/input2.txt
[012345566 KPetrovich] from the file: ./data/input3.txt
[012345566 KPetrovich] from the file: ./data/input7.txt
[012345566 KPetrovich] from the file: ./data/input6.txt
[012345566 KPetrovich] from the file: ./data/input4.txt
[012345566 KPetrovich] from the file: ./data/input5.txt
[012345566 KPetrovich] from the file: ./data/input8.txt
[012345566 KPetrovich] from the file: ./data/input9.txt
[012345566 KPetrovich] from the file: ./data/input0.txt
[012345566 KPetrovich] from the file: ./data/input1.txt
[012345566 KPetrovich] from the file: ./data/input2.txt
[012345566 KPetrovich] from the file: ./data/input3.txt
 report was successfully created in ./report/report.txt.
2022-10-29 17:40:56.579 [pool-2-thread-2] INFO  org.example.service.FileAnalyzingTask - [012345566 KPetrovich] record was created.
2022-10-29 17:40:56.581 [pool-3-thread-1] INFO  org.example.recorder.Recorder - ./report/report.txt report record for [012345566 KPetrovich] from the file: ./data/input7.txt
 was successfully formed.
2022-10-29 17:40:56.589 [pool-2-thread-2] INFO  org.example.consumer.Consumer - Executing task for Analazying task for ./data/input7.txt
2022-10-29 17:40:56.590 [pool-3-thread-1] INFO  org.example.recorder.Recorder - [012345566 KPetrovich] from the file: ./data/input1.txt
[012345566 KPetrovich] from the file: ./data/input2.txt
[012345566 KPetrovich] from the file: ./data/input3.txt
[012345566 KPetrovich] from the file: ./data/input7.txt
[012345566 KPetrovich] from the file: ./data/input0.txt
[012345566 KPetrovich] from the file: ./data/input6.txt
[012345566 KPetrovich] from the file: ./data/input4.txt
[012345566 KPetrovich] from the file: ./data/input8.txt
[012345566 KPetrovich] from the file: ./data/input5.txt
[012345566 KPetrovich] from the file: ./data/input9.txt
[012345566 KPetrovich] from the file: ./data/input1.txt
[012345566 KPetrovich] from the file: ./data/input2.txt
[012345566 KPetrovich] from the file: ./data/input3.txt
[012345566 KPetrovich] from the file: ./data/input0.txt
[012345566 KPetrovich] from the file: ./data/input6.txt
[012345566 KPetrovich] from the file: ./data/input4.txt
[012345566 KPetrovich] from the file: ./data/input5.txt
[012345566 KPetrovich] from the file: ./data/input7.txt
[012345566 KPetrovich] from the file: ./data/input9.txt
[012345566 KPetrovich] from the file: ./data/input8.txt
[012345566 KPetrovich] from the file: ./data/input1.txt
[012345566 KPetrovich] from the file: ./data/input2.txt
[012345566 KPetrovich] from the file: ./data/input0.txt
[012345566 KPetrovich] from the file: ./data/input3.txt
[012345566 KPetrovich] from the file: ./data/input7.txt
[012345566 KPetrovich] from the file: ./data/input6.txt
[012345566 KPetrovich] from the file: ./data/input4.txt
[012345566 KPetrovich] from the file: ./data/input5.txt
[012345566 KPetrovich] from the file: ./data/input9.txt
[012345566 KPetrovich] from the file: ./data/input8.txt
[012345566 KPetrovich] from the file: ./data/input0.txt
[012345566 KPetrovich] from the file: ./data/input2.txt
[012345566 KPetrovich] from the file: ./data/input1.txt
[012345566 KPetrovich] from the file: ./data/input7.txt
[012345566 KPetrovich] from the file: ./data/input3.txt
[012345566 KPetrovich] from the file: ./data/input4.txt
[012345566 KPetrovich] from the file: ./data/input5.txt
[012345566 KPetrovich] from the file: ./data/input6.txt
[012345566 KPetrovich] from the file: ./data/input8.txt
[012345566 KPetrovich] from the file: ./data/input9.txt
[012345566 KPetrovich] from the file: ./data/input1.txt
[012345566 KPetrovich] from the file: ./data/input2.txt
[012345566 KPetrovich] from the file: ./data/input3.txt
[012345566 KPetrovich] from the file: ./data/input0.txt
[012345566 KPetrovich] from the file: ./data/input7.txt
[012345566 KPetrovich] from the file: ./data/input6.txt
[012345566 KPetrovich] from the file: ./data/input4.txt
[012345566 KPetrovich] from the file: ./data/input8.txt
[012345566 KPetrovich] from the file: ./data/input9.txt
[012345566 KPetrovich] from the file: ./data/input5.txt
[012345566 KPetrovich] from the file: ./data/input1.txt
[012345566 KPetrovich] from the file: ./data/input2.txt
[012345566 KPetrovich] from the file: ./data/input3.txt
[012345566 KPetrovich] from the file: ./data/input7.txt
[012345566 KPetrovich] from the file: ./data/input6.txt
[012345566 KPetrovich] from the file: ./data/input4.txt
[012345566 KPetrovich] from the file: ./data/input5.txt
[012345566 KPetrovich] from the file: ./data/input8.txt
[012345566 KPetrovich] from the file: ./data/input9.txt
[012345566 KPetrovich] from the file: ./data/input0.txt
[012345566 KPetrovich] from the file: ./data/input1.txt
[012345566 KPetrovich] from the file: ./data/input2.txt
[012345566 KPetrovich] from the file: ./data/input3.txt
[012345566 KPetrovich] from the file: ./data/input7.txt
 report was successfully created in ./report/report.txt.
2022-10-29 17:40:56.608 [pool-2-thread-2] INFO  org.example.service.FileAnalyzingTask - [012345566 KPetrovich] record was created.
2022-10-29 17:40:56.608 [pool-3-thread-1] INFO  org.example.recorder.Recorder - ./report/report.txt report record for [012345566 KPetrovich] from the file: ./data/input6.txt
 was successfully formed.
2022-10-29 17:40:56.609 [pool-2-thread-2] INFO  org.example.consumer.Consumer - Executing task for Analazying task for ./data/input6.txt
2022-10-29 17:40:56.610 [pool-3-thread-1] INFO  org.example.recorder.Recorder - [012345566 KPetrovich] from the file: ./data/input1.txt
[012345566 KPetrovich] from the file: ./data/input2.txt
[012345566 KPetrovich] from the file: ./data/input3.txt
[012345566 KPetrovich] from the file: ./data/input7.txt
[012345566 KPetrovich] from the file: ./data/input0.txt
[012345566 KPetrovich] from the file: ./data/input6.txt
[012345566 KPetrovich] from the file: ./data/input4.txt
[012345566 KPetrovich] from the file: ./data/input8.txt
[012345566 KPetrovich] from the file: ./data/input5.txt
[012345566 KPetrovich] from the file: ./data/input9.txt
[012345566 KPetrovich] from the file: ./data/input1.txt
[012345566 KPetrovich] from the file: ./data/input2.txt
[012345566 KPetrovich] from the file: ./data/input3.txt
[012345566 KPetrovich] from the file: ./data/input0.txt
[012345566 KPetrovich] from the file: ./data/input6.txt
[012345566 KPetrovich] from the file: ./data/input4.txt
[012345566 KPetrovich] from the file: ./data/input5.txt
[012345566 KPetrovich] from the file: ./data/input7.txt
[012345566 KPetrovich] from the file: ./data/input9.txt
[012345566 KPetrovich] from the file: ./data/input8.txt
[012345566 KPetrovich] from the file: ./data/input1.txt
[012345566 KPetrovich] from the file: ./data/input2.txt
[012345566 KPetrovich] from the file: ./data/input0.txt
[012345566 KPetrovich] from the file: ./data/input3.txt
[012345566 KPetrovich] from the file: ./data/input7.txt
[012345566 KPetrovich] from the file: ./data/input6.txt
[012345566 KPetrovich] from the file: ./data/input4.txt
[012345566 KPetrovich] from the file: ./data/input5.txt
[012345566 KPetrovich] from the file: ./data/input9.txt
[012345566 KPetrovich] from the file: ./data/input8.txt
[012345566 KPetrovich] from the file: ./data/input0.txt
[012345566 KPetrovich] from the file: ./data/input2.txt
[012345566 KPetrovich] from the file: ./data/input1.txt
[012345566 KPetrovich] from the file: ./data/input7.txt
[012345566 KPetrovich] from the file: ./data/input3.txt
[012345566 KPetrovich] from the file: ./data/input4.txt
[012345566 KPetrovich] from the file: ./data/input5.txt
[012345566 KPetrovich] from the file: ./data/input6.txt
[012345566 KPetrovich] from the file: ./data/input8.txt
[012345566 KPetrovich] from the file: ./data/input9.txt
[012345566 KPetrovich] from the file: ./data/input1.txt
[012345566 KPetrovich] from the file: ./data/input2.txt
[012345566 KPetrovich] from the file: ./data/input3.txt
[012345566 KPetrovich] from the file: ./data/input0.txt
[012345566 KPetrovich] from the file: ./data/input7.txt
[012345566 KPetrovich] from the file: ./data/input6.txt
[012345566 KPetrovich] from the file: ./data/input4.txt
[012345566 KPetrovich] from the file: ./data/input8.txt
[012345566 KPetrovich] from the file: ./data/input9.txt
[012345566 KPetrovich] from the file: ./data/input5.txt
[012345566 KPetrovich] from the file: ./data/input1.txt
[012345566 KPetrovich] from the file: ./data/input2.txt
[012345566 KPetrovich] from the file: ./data/input3.txt
[012345566 KPetrovich] from the file: ./data/input7.txt
[012345566 KPetrovich] from the file: ./data/input6.txt
[012345566 KPetrovich] from the file: ./data/input4.txt
[012345566 KPetrovich] from the file: ./data/input5.txt
[012345566 KPetrovich] from the file: ./data/input8.txt
[012345566 KPetrovich] from the file: ./data/input9.txt
[012345566 KPetrovich] from the file: ./data/input0.txt
[012345566 KPetrovich] from the file: ./data/input1.txt
[012345566 KPetrovich] from the file: ./data/input2.txt
[012345566 KPetrovich] from the file: ./data/input3.txt
[012345566 KPetrovich] from the file: ./data/input7.txt
[012345566 KPetrovich] from the file: ./data/input6.txt
 report was successfully created in ./report/report.txt.
2022-10-29 17:40:56.612 [pool-2-thread-2] INFO  org.example.service.FileAnalyzingTask - [012345566 KPetrovich] record was created.
2022-10-29 17:40:56.612 [pool-2-thread-2] INFO  org.example.consumer.Consumer - Executing task for Analazying task for ./data/input4.txt
2022-10-29 17:40:56.612 [pool-3-thread-1] INFO  org.example.recorder.Recorder - ./report/report.txt report record for [012345566 KPetrovich] from the file: ./data/input4.txt
 was successfully formed.
2022-10-29 17:40:56.613 [pool-3-thread-1] INFO  org.example.recorder.Recorder - [012345566 KPetrovich] from the file: ./data/input1.txt
[012345566 KPetrovich] from the file: ./data/input2.txt
[012345566 KPetrovich] from the file: ./data/input3.txt
[012345566 KPetrovich] from the file: ./data/input7.txt
[012345566 KPetrovich] from the file: ./data/input0.txt
[012345566 KPetrovich] from the file: ./data/input6.txt
[012345566 KPetrovich] from the file: ./data/input4.txt
[012345566 KPetrovich] from the file: ./data/input8.txt
[012345566 KPetrovich] from the file: ./data/input5.txt
[012345566 KPetrovich] from the file: ./data/input9.txt
[012345566 KPetrovich] from the file: ./data/input1.txt
[012345566 KPetrovich] from the file: ./data/input2.txt
[012345566 KPetrovich] from the file: ./data/input3.txt
[012345566 KPetrovich] from the file: ./data/input0.txt
[012345566 KPetrovich] from the file: ./data/input6.txt
[012345566 KPetrovich] from the file: ./data/input4.txt
[012345566 KPetrovich] from the file: ./data/input5.txt
[012345566 KPetrovich] from the file: ./data/input7.txt
[012345566 KPetrovich] from the file: ./data/input9.txt
[012345566 KPetrovich] from the file: ./data/input8.txt
[012345566 KPetrovich] from the file: ./data/input1.txt
[012345566 KPetrovich] from the file: ./data/input2.txt
[012345566 KPetrovich] from the file: ./data/input0.txt
[012345566 KPetrovich] from the file: ./data/input3.txt
[012345566 KPetrovich] from the file: ./data/input7.txt
[012345566 KPetrovich] from the file: ./data/input6.txt
[012345566 KPetrovich] from the file: ./data/input4.txt
[012345566 KPetrovich] from the file: ./data/input5.txt
[012345566 KPetrovich] from the file: ./data/input9.txt
[012345566 KPetrovich] from the file: ./data/input8.txt
[012345566 KPetrovich] from the file: ./data/input0.txt
[012345566 KPetrovich] from the file: ./data/input2.txt
[012345566 KPetrovich] from the file: ./data/input1.txt
[012345566 KPetrovich] from the file: ./data/input7.txt
[012345566 KPetrovich] from the file: ./data/input3.txt
[012345566 KPetrovich] from the file: ./data/input4.txt
[012345566 KPetrovich] from the file: ./data/input5.txt
[012345566 KPetrovich] from the file: ./data/input6.txt
[012345566 KPetrovich] from the file: ./data/input8.txt
[012345566 KPetrovich] from the file: ./data/input9.txt
[012345566 KPetrovich] from the file: ./data/input1.txt
[012345566 KPetrovich] from the file: ./data/input2.txt
[012345566 KPetrovich] from the file: ./data/input3.txt
[012345566 KPetrovich] from the file: ./data/input0.txt
[012345566 KPetrovich] from the file: ./data/input7.txt
[012345566 KPetrovich] from the file: ./data/input6.txt
[012345566 KPetrovich] from the file: ./data/input4.txt
[012345566 KPetrovich] from the file: ./data/input8.txt
[012345566 KPetrovich] from the file: ./data/input9.txt
[012345566 KPetrovich] from the file: ./data/input5.txt
[012345566 KPetrovich] from the file: ./data/input1.txt
[012345566 KPetrovich] from the file: ./data/input2.txt
[012345566 KPetrovich] from the file: ./data/input3.txt
[012345566 KPetrovich] from the file: ./data/input7.txt
[012345566 KPetrovich] from the file: ./data/input6.txt
[012345566 KPetrovich] from the file: ./data/input4.txt
[012345566 KPetrovich] from the file: ./data/input5.txt
[012345566 KPetrovich] from the file: ./data/input8.txt
[012345566 KPetrovich] from the file: ./data/input9.txt
[012345566 KPetrovich] from the file: ./data/input0.txt
[012345566 KPetrovich] from the file: ./data/input1.txt
[012345566 KPetrovich] from the file: ./data/input2.txt
[012345566 KPetrovich] from the file: ./data/input3.txt
[012345566 KPetrovich] from the file: ./data/input7.txt
[012345566 KPetrovich] from the file: ./data/input6.txt
[012345566 KPetrovich] from the file: ./data/input4.txt
 report was successfully created in ./report/report.txt.
2022-10-29 17:40:56.615 [pool-2-thread-2] INFO  org.example.service.FileAnalyzingTask - [012345566 KPetrovich] record was created.
2022-10-29 17:40:56.616 [pool-3-thread-1] INFO  org.example.recorder.Recorder - ./report/report.txt report record for [012345566 KPetrovich] from the file: ./data/input5.txt
 was successfully formed.
2022-10-29 17:40:56.616 [pool-2-thread-2] INFO  org.example.consumer.Consumer - Executing task for Analazying task for ./data/input5.txt
2022-10-29 17:40:56.617 [pool-3-thread-1] INFO  org.example.recorder.Recorder - [012345566 KPetrovich] from the file: ./data/input1.txt
[012345566 KPetrovich] from the file: ./data/input2.txt
[012345566 KPetrovich] from the file: ./data/input3.txt
[012345566 KPetrovich] from the file: ./data/input7.txt
[012345566 KPetrovich] from the file: ./data/input0.txt
[012345566 KPetrovich] from the file: ./data/input6.txt
[012345566 KPetrovich] from the file: ./data/input4.txt
[012345566 KPetrovich] from the file: ./data/input8.txt
[012345566 KPetrovich] from the file: ./data/input5.txt
[012345566 KPetrovich] from the file: ./data/input9.txt
[012345566 KPetrovich] from the file: ./data/input1.txt
[012345566 KPetrovich] from the file: ./data/input2.txt
[012345566 KPetrovich] from the file: ./data/input3.txt
[012345566 KPetrovich] from the file: ./data/input0.txt
[012345566 KPetrovich] from the file: ./data/input6.txt
[012345566 KPetrovich] from the file: ./data/input4.txt
[012345566 KPetrovich] from the file: ./data/input5.txt
[012345566 KPetrovich] from the file: ./data/input7.txt
[012345566 KPetrovich] from the file: ./data/input9.txt
[012345566 KPetrovich] from the file: ./data/input8.txt
[012345566 KPetrovich] from the file: ./data/input1.txt
[012345566 KPetrovich] from the file: ./data/input2.txt
[012345566 KPetrovich] from the file: ./data/input0.txt
[012345566 KPetrovich] from the file: ./data/input3.txt
[012345566 KPetrovich] from the file: ./data/input7.txt
[012345566 KPetrovich] from the file: ./data/input6.txt
[012345566 KPetrovich] from the file: ./data/input4.txt
[012345566 KPetrovich] from the file: ./data/input5.txt
[012345566 KPetrovich] from the file: ./data/input9.txt
[012345566 KPetrovich] from the file: ./data/input8.txt
[012345566 KPetrovich] from the file: ./data/input0.txt
[012345566 KPetrovich] from the file: ./data/input2.txt
[012345566 KPetrovich] from the file: ./data/input1.txt
[012345566 KPetrovich] from the file: ./data/input7.txt
[012345566 KPetrovich] from the file: ./data/input3.txt
[012345566 KPetrovich] from the file: ./data/input4.txt
[012345566 KPetrovich] from the file: ./data/input5.txt
[012345566 KPetrovich] from the file: ./data/input6.txt
[012345566 KPetrovich] from the file: ./data/input8.txt
[012345566 KPetrovich] from the file: ./data/input9.txt
[012345566 KPetrovich] from the file: ./data/input1.txt
[012345566 KPetrovich] from the file: ./data/input2.txt
[012345566 KPetrovich] from the file: ./data/input3.txt
[012345566 KPetrovich] from the file: ./data/input0.txt
[012345566 KPetrovich] from the file: ./data/input7.txt
[012345566 KPetrovich] from the file: ./data/input6.txt
[012345566 KPetrovich] from the file: ./data/input4.txt
[012345566 KPetrovich] from the file: ./data/input8.txt
[012345566 KPetrovich] from the file: ./data/input9.txt
[012345566 KPetrovich] from the file: ./data/input5.txt
[012345566 KPetrovich] from the file: ./data/input1.txt
[012345566 KPetrovich] from the file: ./data/input2.txt
[012345566 KPetrovich] from the file: ./data/input3.txt
[012345566 KPetrovich] from the file: ./data/input7.txt
[012345566 KPetrovich] from the file: ./data/input6.txt
[012345566 KPetrovich] from the file: ./data/input4.txt
[012345566 KPetrovich] from the file: ./data/input5.txt
[012345566 KPetrovich] from the file: ./data/input8.txt
[012345566 KPetrovich] from the file: ./data/input9.txt
[012345566 KPetrovich] from the file: ./data/input0.txt
[012345566 KPetrovich] from the file: ./data/input1.txt
[012345566 KPetrovich] from the file: ./data/input2.txt
[012345566 KPetrovich] from the file: ./data/input3.txt
[012345566 KPetrovich] from the file: ./data/input7.txt
[012345566 KPetrovich] from the file: ./data/input6.txt
[012345566 KPetrovich] from the file: ./data/input4.txt
[012345566 KPetrovich] from the file: ./data/input5.txt
 report was successfully created in ./report/report.txt.
2022-10-29 17:40:56.621 [pool-3-thread-1] INFO  org.example.recorder.Recorder - ./report/report.txt report record for [012345566 KPetrovich] from the file: ./data/input8.txt
 was successfully formed.
2022-10-29 17:40:56.621 [pool-2-thread-2] INFO  org.example.service.FileAnalyzingTask - [012345566 KPetrovich] record was created.
2022-10-29 17:40:56.621 [pool-2-thread-2] INFO  org.example.consumer.Consumer - Executing task for Analazying task for ./data/input8.txt
2022-10-29 17:40:56.621 [pool-3-thread-1] INFO  org.example.recorder.Recorder - [012345566 KPetrovich] from the file: ./data/input1.txt
[012345566 KPetrovich] from the file: ./data/input2.txt
[012345566 KPetrovich] from the file: ./data/input3.txt
[012345566 KPetrovich] from the file: ./data/input7.txt
[012345566 KPetrovich] from the file: ./data/input0.txt
[012345566 KPetrovich] from the file: ./data/input6.txt
[012345566 KPetrovich] from the file: ./data/input4.txt
[012345566 KPetrovich] from the file: ./data/input8.txt
[012345566 KPetrovich] from the file: ./data/input5.txt
[012345566 KPetrovich] from the file: ./data/input9.txt
[012345566 KPetrovich] from the file: ./data/input1.txt
[012345566 KPetrovich] from the file: ./data/input2.txt
[012345566 KPetrovich] from the file: ./data/input3.txt
[012345566 KPetrovich] from the file: ./data/input0.txt
[012345566 KPetrovich] from the file: ./data/input6.txt
[012345566 KPetrovich] from the file: ./data/input4.txt
[012345566 KPetrovich] from the file: ./data/input5.txt
[012345566 KPetrovich] from the file: ./data/input7.txt
[012345566 KPetrovich] from the file: ./data/input9.txt
[012345566 KPetrovich] from the file: ./data/input8.txt
[012345566 KPetrovich] from the file: ./data/input1.txt
[012345566 KPetrovich] from the file: ./data/input2.txt
[012345566 KPetrovich] from the file: ./data/input0.txt
[012345566 KPetrovich] from the file: ./data/input3.txt
[012345566 KPetrovich] from the file: ./data/input7.txt
[012345566 KPetrovich] from the file: ./data/input6.txt
[012345566 KPetrovich] from the file: ./data/input4.txt
[012345566 KPetrovich] from the file: ./data/input5.txt
[012345566 KPetrovich] from the file: ./data/input9.txt
[012345566 KPetrovich] from the file: ./data/input8.txt
[012345566 KPetrovich] from the file: ./data/input0.txt
[012345566 KPetrovich] from the file: ./data/input2.txt
[012345566 KPetrovich] from the file: ./data/input1.txt
[012345566 KPetrovich] from the file: ./data/input7.txt
[012345566 KPetrovich] from the file: ./data/input3.txt
[012345566 KPetrovich] from the file: ./data/input4.txt
[012345566 KPetrovich] from the file: ./data/input5.txt
[012345566 KPetrovich] from the file: ./data/input6.txt
[012345566 KPetrovich] from the file: ./data/input8.txt
[012345566 KPetrovich] from the file: ./data/input9.txt
[012345566 KPetrovich] from the file: ./data/input1.txt
[012345566 KPetrovich] from the file: ./data/input2.txt
[012345566 KPetrovich] from the file: ./data/input3.txt
[012345566 KPetrovich] from the file: ./data/input0.txt
[012345566 KPetrovich] from the file: ./data/input7.txt
[012345566 KPetrovich] from the file: ./data/input6.txt
[012345566 KPetrovich] from the file: ./data/input4.txt
[012345566 KPetrovich] from the file: ./data/input8.txt
[012345566 KPetrovich] from the file: ./data/input9.txt
[012345566 KPetrovich] from the file: ./data/input5.txt
[012345566 KPetrovich] from the file: ./data/input1.txt
[012345566 KPetrovich] from the file: ./data/input2.txt
[012345566 KPetrovich] from the file: ./data/input3.txt
[012345566 KPetrovich] from the file: ./data/input7.txt
[012345566 KPetrovich] from the file: ./data/input6.txt
[012345566 KPetrovich] from the file: ./data/input4.txt
[012345566 KPetrovich] from the file: ./data/input5.txt
[012345566 KPetrovich] from the file: ./data/input8.txt
[012345566 KPetrovich] from the file: ./data/input9.txt
[012345566 KPetrovich] from the file: ./data/input0.txt
[012345566 KPetrovich] from the file: ./data/input1.txt
[012345566 KPetrovich] from the file: ./data/input2.txt
[012345566 KPetrovich] from the file: ./data/input3.txt
[012345566 KPetrovich] from the file: ./data/input7.txt
[012345566 KPetrovich] from the file: ./data/input6.txt
[012345566 KPetrovich] from the file: ./data/input4.txt
[012345566 KPetrovich] from the file: ./data/input5.txt
[012345566 KPetrovich] from the file: ./data/input8.txt
 report was successfully created in ./report/report.txt.
2022-10-29 17:40:56.627 [pool-2-thread-2] INFO  org.example.service.FileAnalyzingTask - [012345566 KPetrovich] record was created.
2022-10-29 17:40:56.629 [pool-2-thread-2] INFO  org.example.consumer.Consumer - Executing task for Analazying task for ./data/input9.txt
2022-10-29 17:40:56.629 [pool-3-thread-1] INFO  org.example.recorder.Recorder - ./report/report.txt report record for [012345566 KPetrovich] from the file: ./data/input9.txt
 was successfully formed.
2022-10-29 17:40:56.631 [pool-3-thread-1] INFO  org.example.recorder.Recorder - [012345566 KPetrovich] from the file: ./data/input1.txt
[012345566 KPetrovich] from the file: ./data/input2.txt
[012345566 KPetrovich] from the file: ./data/input3.txt
[012345566 KPetrovich] from the file: ./data/input7.txt
[012345566 KPetrovich] from the file: ./data/input0.txt
[012345566 KPetrovich] from the file: ./data/input6.txt
[012345566 KPetrovich] from the file: ./data/input4.txt
[012345566 KPetrovich] from the file: ./data/input8.txt
[012345566 KPetrovich] from the file: ./data/input5.txt
[012345566 KPetrovich] from the file: ./data/input9.txt
[012345566 KPetrovich] from the file: ./data/input1.txt
[012345566 KPetrovich] from the file: ./data/input2.txt
[012345566 KPetrovich] from the file: ./data/input3.txt
[012345566 KPetrovich] from the file: ./data/input0.txt
[012345566 KPetrovich] from the file: ./data/input6.txt
[012345566 KPetrovich] from the file: ./data/input4.txt
[012345566 KPetrovich] from the file: ./data/input5.txt
[012345566 KPetrovich] from the file: ./data/input7.txt
[012345566 KPetrovich] from the file: ./data/input9.txt
[012345566 KPetrovich] from the file: ./data/input8.txt
[012345566 KPetrovich] from the file: ./data/input1.txt
[012345566 KPetrovich] from the file: ./data/input2.txt
[012345566 KPetrovich] from the file: ./data/input0.txt
[012345566 KPetrovich] from the file: ./data/input3.txt
[012345566 KPetrovich] from the file: ./data/input7.txt
[012345566 KPetrovich] from the file: ./data/input6.txt
[012345566 KPetrovich] from the file: ./data/input4.txt
[012345566 KPetrovich] from the file: ./data/input5.txt
[012345566 KPetrovich] from the file: ./data/input9.txt
[012345566 KPetrovich] from the file: ./data/input8.txt
[012345566 KPetrovich] from the file: ./data/input0.txt
[012345566 KPetrovich] from the file: ./data/input2.txt
[012345566 KPetrovich] from the file: ./data/input1.txt
[012345566 KPetrovich] from the file: ./data/input7.txt
[012345566 KPetrovich] from the file: ./data/input3.txt
[012345566 KPetrovich] from the file: ./data/input4.txt
[012345566 KPetrovich] from the file: ./data/input5.txt
[012345566 KPetrovich] from the file: ./data/input6.txt
[012345566 KPetrovich] from the file: ./data/input8.txt
[012345566 KPetrovich] from the file: ./data/input9.txt
[012345566 KPetrovich] from the file: ./data/input1.txt
[012345566 KPetrovich] from the file: ./data/input2.txt
[012345566 KPetrovich] from the file: ./data/input3.txt
[012345566 KPetrovich] from the file: ./data/input0.txt
[012345566 KPetrovich] from the file: ./data/input7.txt
[012345566 KPetrovich] from the file: ./data/input6.txt
[012345566 KPetrovich] from the file: ./data/input4.txt
[012345566 KPetrovich] from the file: ./data/input8.txt
[012345566 KPetrovich] from the file: ./data/input9.txt
[012345566 KPetrovich] from the file: ./data/input5.txt
[012345566 KPetrovich] from the file: ./data/input1.txt
[012345566 KPetrovich] from the file: ./data/input2.txt
[012345566 KPetrovich] from the file: ./data/input3.txt
[012345566 KPetrovich] from the file: ./data/input7.txt
[012345566 KPetrovich] from the file: ./data/input6.txt
[012345566 KPetrovich] from the file: ./data/input4.txt
[012345566 KPetrovich] from the file: ./data/input5.txt
[012345566 KPetrovich] from the file: ./data/input8.txt
[012345566 KPetrovich] from the file: ./data/input9.txt
[012345566 KPetrovich] from the file: ./data/input0.txt
[012345566 KPetrovich] from the file: ./data/input1.txt
[012345566 KPetrovich] from the file: ./data/input2.txt
[012345566 KPetrovich] from the file: ./data/input3.txt
[012345566 KPetrovich] from the file: ./data/input7.txt
[012345566 KPetrovich] from the file: ./data/input6.txt
[012345566 KPetrovich] from the file: ./data/input4.txt
[012345566 KPetrovich] from the file: ./data/input5.txt
[012345566 KPetrovich] from the file: ./data/input8.txt
[012345566 KPetrovich] from the file: ./data/input9.txt
 report was successfully created in ./report/report.txt.
2022-10-29 17:40:56.637 [pool-3-thread-1] INFO  org.example.recorder.Recorder - ./report/report.txt report record for [012345566 KPetrovich] from the file: ./data/input0.txt
 was successfully formed.
2022-10-29 17:40:56.637 [pool-2-thread-1] INFO  org.example.service.FileAnalyzingTask - [012345566 KPetrovich] record was created.
2022-10-29 17:40:56.638 [pool-2-thread-1] INFO  org.example.consumer.Consumer - Executing task for Analazying task for ./data/input0.txt
2022-10-29 17:40:56.638 [pool-3-thread-1] INFO  org.example.recorder.Recorder - [012345566 KPetrovich] from the file: ./data/input1.txt
[012345566 KPetrovich] from the file: ./data/input2.txt
[012345566 KPetrovich] from the file: ./data/input3.txt
[012345566 KPetrovich] from the file: ./data/input7.txt
[012345566 KPetrovich] from the file: ./data/input0.txt
[012345566 KPetrovich] from the file: ./data/input6.txt
[012345566 KPetrovich] from the file: ./data/input4.txt
[012345566 KPetrovich] from the file: ./data/input8.txt
[012345566 KPetrovich] from the file: ./data/input5.txt
[012345566 KPetrovich] from the file: ./data/input9.txt
[012345566 KPetrovich] from the file: ./data/input1.txt
[012345566 KPetrovich] from the file: ./data/input2.txt
[012345566 KPetrovich] from the file: ./data/input3.txt
[012345566 KPetrovich] from the file: ./data/input0.txt
[012345566 KPetrovich] from the file: ./data/input6.txt
[012345566 KPetrovich] from the file: ./data/input4.txt
[012345566 KPetrovich] from the file: ./data/input5.txt
[012345566 KPetrovich] from the file: ./data/input7.txt
[012345566 KPetrovich] from the file: ./data/input9.txt
[012345566 KPetrovich] from the file: ./data/input8.txt
[012345566 KPetrovich] from the file: ./data/input1.txt
[012345566 KPetrovich] from the file: ./data/input2.txt
[012345566 KPetrovich] from the file: ./data/input0.txt
[012345566 KPetrovich] from the file: ./data/input3.txt
[012345566 KPetrovich] from the file: ./data/input7.txt
[012345566 KPetrovich] from the file: ./data/input6.txt
[012345566 KPetrovich] from the file: ./data/input4.txt
[012345566 KPetrovich] from the file: ./data/input5.txt
[012345566 KPetrovich] from the file: ./data/input9.txt
[012345566 KPetrovich] from the file: ./data/input8.txt
[012345566 KPetrovich] from the file: ./data/input0.txt
[012345566 KPetrovich] from the file: ./data/input2.txt
[012345566 KPetrovich] from the file: ./data/input1.txt
[012345566 KPetrovich] from the file: ./data/input7.txt
[012345566 KPetrovich] from the file: ./data/input3.txt
[012345566 KPetrovich] from the file: ./data/input4.txt
[012345566 KPetrovich] from the file: ./data/input5.txt
[012345566 KPetrovich] from the file: ./data/input6.txt
[012345566 KPetrovich] from the file: ./data/input8.txt
[012345566 KPetrovich] from the file: ./data/input9.txt
[012345566 KPetrovich] from the file: ./data/input1.txt
[012345566 KPetrovich] from the file: ./data/input2.txt
[012345566 KPetrovich] from the file: ./data/input3.txt
[012345566 KPetrovich] from the file: ./data/input0.txt
[012345566 KPetrovich] from the file: ./data/input7.txt
[012345566 KPetrovich] from the file: ./data/input6.txt
[012345566 KPetrovich] from the file: ./data/input4.txt
[012345566 KPetrovich] from the file: ./data/input8.txt
[012345566 KPetrovich] from the file: ./data/input9.txt
[012345566 KPetrovich] from the file: ./data/input5.txt
[012345566 KPetrovich] from the file: ./data/input1.txt
[012345566 KPetrovich] from the file: ./data/input2.txt
[012345566 KPetrovich] from the file: ./data/input3.txt
[012345566 KPetrovich] from the file: ./data/input7.txt
[012345566 KPetrovich] from the file: ./data/input6.txt
[012345566 KPetrovich] from the file: ./data/input4.txt
[012345566 KPetrovich] from the file: ./data/input5.txt
[012345566 KPetrovich] from the file: ./data/input8.txt
[012345566 KPetrovich] from the file: ./data/input9.txt
[012345566 KPetrovich] from the file: ./data/input0.txt
[012345566 KPetrovich] from the file: ./data/input1.txt
[012345566 KPetrovich] from the file: ./data/input2.txt
[012345566 KPetrovich] from the file: ./data/input3.txt
[012345566 KPetrovich] from the file: ./data/input7.txt
[012345566 KPetrovich] from the file: ./data/input6.txt
[012345566 KPetrovich] from the file: ./data/input4.txt
[012345566 KPetrovich] from the file: ./data/input5.txt
[012345566 KPetrovich] from the file: ./data/input8.txt
[012345566 KPetrovich] from the file: ./data/input9.txt
[012345566 KPetrovich] from the file: ./data/input0.txt
 report was successfully created in ./report/report.txt.
2022-10-29 17:41:26.428 [pool-4-thread-1] INFO  org.example.producer.Producer - Started to scan directory + ./data
2022-10-29 17:41:26.445 [pool-4-thread-1] INFO  org.example.producer.Producer - Finished to scan directory ./data
2022-10-29 17:41:56.413 [pool-4-thread-1] INFO  org.example.producer.Producer - Started to scan directory + ./data
2022-10-29 17:41:56.418 [pool-4-thread-1] INFO  org.example.producer.Producer - Finished to scan directory ./data
2022-10-29 17:42:26.409 [pool-4-thread-1] INFO  org.example.producer.Producer - Started to scan directory + ./data
2022-10-29 17:42:26.419 [pool-4-thread-1] INFO  org.example.producer.Producer - Finished to scan directory ./data
2022-10-29 17:42:43.093 [main] INFO  org.example.Main - Application successfully started.
2022-10-29 17:42:43.097 [main] INFO  org.example.service.DataGeneratorService - Started to generate sample data.
2022-10-29 17:42:43.104 [main] INFO  org.example.service.DataGeneratorService - Finish to generate sample data.
2022-10-29 17:42:43.112 [main] INFO  org.example.Main - Application successfully finished.
2022-10-29 17:42:43.112 [pool-4-thread-1] INFO  org.example.producer.Producer - Started to scan directory + ./data
2022-10-29 17:42:43.123 [pool-3-thread-1] INFO  org.example.recorder.Recorder - ./report/report.txt report record for [012345566 KPetrovich] from the file: ./data/input1.txt
 was successfully formed.
2022-10-29 17:42:43.122 [pool-2-thread-1] INFO  org.example.service.FileAnalyzingTask - [012345566 KPetrovich] record was created.
2022-10-29 17:42:43.123 [pool-4-thread-1] INFO  org.example.producer.Producer - Task for ./data/input1.txt was successfully created.
2022-10-29 17:42:43.124 [pool-4-thread-1] INFO  org.example.producer.Producer - Task for ./data/input0.txt was successfully created.
2022-10-29 17:42:43.125 [pool-4-thread-1] INFO  org.example.producer.Producer - Task for ./data/input2.txt was successfully created.
2022-10-29 17:42:43.125 [pool-3-thread-1] INFO  org.example.recorder.Recorder - [012345566 KPetrovich] from the file: ./data/input1.txt
 report was successfully created in ./report/report.txt.
2022-10-29 17:42:43.125 [pool-4-thread-1] INFO  org.example.producer.Producer - Task for ./data/input3.txt was successfully created.
2022-10-29 17:42:43.128 [pool-2-thread-1] INFO  org.example.consumer.Consumer - Executing task for Analazying task for ./data/input1.txt
2022-10-29 17:42:43.130 [pool-3-thread-1] INFO  org.example.recorder.Recorder - ./report/report.txt report record for [012345566 KPetrovich] from the file: ./data/input0.txt
 was successfully formed.
2022-10-29 17:42:43.126 [pool-2-thread-2] INFO  org.example.service.FileAnalyzingTask - [012345566 KPetrovich] record was created.
2022-10-29 17:42:43.127 [pool-4-thread-1] INFO  org.example.producer.Producer - Task for ./data/input7.txt was successfully created.
2022-10-29 17:42:43.133 [pool-2-thread-2] INFO  org.example.consumer.Consumer - Executing task for Analazying task for ./data/input0.txt
2022-10-29 17:42:43.133 [pool-4-thread-1] INFO  org.example.producer.Producer - Task for ./data/input6.txt was successfully created.
2022-10-29 17:42:43.133 [pool-3-thread-1] INFO  org.example.recorder.Recorder - [012345566 KPetrovich] from the file: ./data/input1.txt
[012345566 KPetrovich] from the file: ./data/input0.txt
 report was successfully created in ./report/report.txt.
2022-10-29 17:42:43.133 [pool-4-thread-1] INFO  org.example.producer.Producer - Task for ./data/input4.txt was successfully created.
2022-10-29 17:42:43.133 [pool-4-thread-1] INFO  org.example.producer.Producer - Task for ./data/input5.txt was successfully created.
2022-10-29 17:42:43.133 [pool-4-thread-1] INFO  org.example.producer.Producer - Task for ./data/input8.txt was successfully created.
2022-10-29 17:42:43.133 [pool-2-thread-2] INFO  org.example.service.FileAnalyzingTask - [012345566 KPetrovich] record was created.
2022-10-29 17:42:43.133 [pool-3-thread-1] INFO  org.example.recorder.Recorder - ./report/report.txt report record for [012345566 KPetrovich] from the file: ./data/input3.txt
 was successfully formed.
2022-10-29 17:42:43.138 [pool-3-thread-1] INFO  org.example.recorder.Recorder - [012345566 KPetrovich] from the file: ./data/input1.txt
[012345566 KPetrovich] from the file: ./data/input0.txt
[012345566 KPetrovich] from the file: ./data/input3.txt
 report was successfully created in ./report/report.txt.
2022-10-29 17:42:43.134 [pool-2-thread-2] INFO  org.example.consumer.Consumer - Executing task for Analazying task for ./data/input3.txt
2022-10-29 17:42:43.138 [pool-3-thread-1] INFO  org.example.recorder.Recorder - ./report/report.txt report record for [012345566 KPetrovich] from the file: ./data/input2.txt
 was successfully formed.
2022-10-29 17:42:43.134 [pool-4-thread-1] INFO  org.example.producer.Producer - Task for ./data/input9.txt was successfully created.
2022-10-29 17:42:43.139 [pool-2-thread-1] INFO  org.example.service.FileAnalyzingTask - [012345566 KPetrovich] record was created.
2022-10-29 17:42:43.139 [pool-2-thread-1] INFO  org.example.consumer.Consumer - Executing task for Analazying task for ./data/input2.txt
2022-10-29 17:42:43.139 [pool-3-thread-1] INFO  org.example.recorder.Recorder - [012345566 KPetrovich] from the file: ./data/input1.txt
[012345566 KPetrovich] from the file: ./data/input0.txt
[012345566 KPetrovich] from the file: ./data/input3.txt
[012345566 KPetrovich] from the file: ./data/input2.txt
 report was successfully created in ./report/report.txt.
2022-10-29 17:42:43.141 [pool-4-thread-1] INFO  org.example.producer.Producer - Finished to scan directory ./data
2022-10-29 17:42:43.141 [pool-2-thread-1] INFO  org.example.service.FileAnalyzingTask - [012345566 KPetrovich] record was created.
2022-10-29 17:42:43.142 [pool-3-thread-1] INFO  org.example.recorder.Recorder - ./report/report.txt report record for [012345566 KPetrovich] from the file: ./data/input6.txt
 was successfully formed.
2022-10-29 17:42:43.146 [pool-2-thread-1] INFO  org.example.consumer.Consumer - Executing task for Analazying task for ./data/input6.txt
2022-10-29 17:42:43.146 [pool-3-thread-1] INFO  org.example.recorder.Recorder - [012345566 KPetrovich] from the file: ./data/input1.txt
[012345566 KPetrovich] from the file: ./data/input0.txt
[012345566 KPetrovich] from the file: ./data/input3.txt
[012345566 KPetrovich] from the file: ./data/input2.txt
[012345566 KPetrovich] from the file: ./data/input6.txt
 report was successfully created in ./report/report.txt.
2022-10-29 17:42:43.148 [pool-2-thread-1] INFO  org.example.service.FileAnalyzingTask - [012345566 KPetrovich] record was created.
2022-10-29 17:42:43.148 [pool-3-thread-1] INFO  org.example.recorder.Recorder - ./report/report.txt report record for [012345566 KPetrovich] from the file: ./data/input4.txt
 was successfully formed.
2022-10-29 17:42:43.148 [pool-2-thread-1] INFO  org.example.consumer.Consumer - Executing task for Analazying task for ./data/input4.txt
2022-10-29 17:42:43.148 [pool-3-thread-1] INFO  org.example.recorder.Recorder - [012345566 KPetrovich] from the file: ./data/input1.txt
[012345566 KPetrovich] from the file: ./data/input0.txt
[012345566 KPetrovich] from the file: ./data/input3.txt
[012345566 KPetrovich] from the file: ./data/input2.txt
[012345566 KPetrovich] from the file: ./data/input6.txt
[012345566 KPetrovich] from the file: ./data/input4.txt
 report was successfully created in ./report/report.txt.
2022-10-29 17:42:43.148 [pool-3-thread-1] INFO  org.example.recorder.Recorder - ./report/report.txt report record for [012345566 KPetrovich] from the file: ./data/input5.txt
 was successfully formed.
2022-10-29 17:42:43.148 [pool-2-thread-1] INFO  org.example.service.FileAnalyzingTask - [012345566 KPetrovich] record was created.
2022-10-29 17:42:43.149 [pool-3-thread-1] INFO  org.example.recorder.Recorder - [012345566 KPetrovich] from the file: ./data/input1.txt
[012345566 KPetrovich] from the file: ./data/input0.txt
[012345566 KPetrovich] from the file: ./data/input3.txt
[012345566 KPetrovich] from the file: ./data/input2.txt
[012345566 KPetrovich] from the file: ./data/input6.txt
[012345566 KPetrovich] from the file: ./data/input4.txt
[012345566 KPetrovich] from the file: ./data/input5.txt
 report was successfully created in ./report/report.txt.
2022-10-29 17:42:43.150 [pool-3-thread-1] INFO  org.example.recorder.Recorder - ./report/report.txt report record for [012345566 KPetrovich] from the file: ./data/input7.txt
 was successfully formed.
2022-10-29 17:42:43.150 [pool-2-thread-2] INFO  org.example.service.FileAnalyzingTask - [012345566 KPetrovich] record was created.
2022-10-29 17:42:43.152 [pool-2-thread-2] INFO  org.example.consumer.Consumer - Executing task for Analazying task for ./data/input7.txt
2022-10-29 17:42:43.149 [pool-2-thread-1] INFO  org.example.consumer.Consumer - Executing task for Analazying task for ./data/input5.txt
2022-10-29 17:42:43.151 [pool-3-thread-1] INFO  org.example.recorder.Recorder - [012345566 KPetrovich] from the file: ./data/input1.txt
[012345566 KPetrovich] from the file: ./data/input0.txt
[012345566 KPetrovich] from the file: ./data/input3.txt
[012345566 KPetrovich] from the file: ./data/input2.txt
[012345566 KPetrovich] from the file: ./data/input6.txt
[012345566 KPetrovich] from the file: ./data/input4.txt
[012345566 KPetrovich] from the file: ./data/input5.txt
[012345566 KPetrovich] from the file: ./data/input7.txt
 report was successfully created in ./report/report.txt.
2022-10-29 17:42:43.153 [pool-3-thread-1] INFO  org.example.recorder.Recorder - ./report/report.txt report record for [012345566 KPetrovich] from the file: ./data/input8.txt
 was successfully formed.
2022-10-29 17:42:43.153 [pool-2-thread-2] INFO  org.example.service.FileAnalyzingTask - [012345566 KPetrovich] record was created.
2022-10-29 17:42:43.154 [pool-2-thread-2] INFO  org.example.consumer.Consumer - Executing task for Analazying task for ./data/input8.txt
2022-10-29 17:42:43.154 [pool-3-thread-1] INFO  org.example.recorder.Recorder - [012345566 KPetrovich] from the file: ./data/input1.txt
[012345566 KPetrovich] from the file: ./data/input0.txt
[012345566 KPetrovich] from the file: ./data/input3.txt
[012345566 KPetrovich] from the file: ./data/input2.txt
[012345566 KPetrovich] from the file: ./data/input6.txt
[012345566 KPetrovich] from the file: ./data/input4.txt
[012345566 KPetrovich] from the file: ./data/input5.txt
[012345566 KPetrovich] from the file: ./data/input7.txt
[012345566 KPetrovich] from the file: ./data/input8.txt
 report was successfully created in ./report/report.txt.
2022-10-29 17:42:43.155 [pool-3-thread-1] INFO  org.example.recorder.Recorder - ./report/report.txt report record for [012345566 KPetrovich] from the file: ./data/input9.txt
 was successfully formed.
2022-10-29 17:42:43.155 [pool-2-thread-1] INFO  org.example.service.FileAnalyzingTask - [012345566 KPetrovich] record was created.
2022-10-29 17:42:43.155 [pool-2-thread-1] INFO  org.example.consumer.Consumer - Executing task for Analazying task for ./data/input9.txt
2022-10-29 17:42:43.155 [pool-3-thread-1] INFO  org.example.recorder.Recorder - [012345566 KPetrovich] from the file: ./data/input1.txt
[012345566 KPetrovich] from the file: ./data/input0.txt
[012345566 KPetrovich] from the file: ./data/input3.txt
[012345566 KPetrovich] from the file: ./data/input2.txt
[012345566 KPetrovich] from the file: ./data/input6.txt
[012345566 KPetrovich] from the file: ./data/input4.txt
[012345566 KPetrovich] from the file: ./data/input5.txt
[012345566 KPetrovich] from the file: ./data/input7.txt
[012345566 KPetrovich] from the file: ./data/input8.txt
[012345566 KPetrovich] from the file: ./data/input9.txt
 report was successfully created in ./report/report.txt.
2022-10-29 17:43:13.119 [pool-4-thread-1] INFO  org.example.producer.Producer - Started to scan directory + ./data
2022-10-29 17:43:13.128 [pool-4-thread-1] INFO  org.example.producer.Producer - Finished to scan directory ./data
2022-10-29 17:43:43.119 [pool-4-thread-1] INFO  org.example.producer.Producer - Started to scan directory + ./data
2022-10-29 17:43:43.139 [pool-4-thread-1] INFO  org.example.producer.Producer - Finished to scan directory ./data
2022-10-29 17:44:19.734 [main] INFO  org.example.Main - Application successfully started.
2022-10-29 17:44:19.737 [main] INFO  org.example.service.DataGeneratorService - Started to generate sample data.
2022-10-29 17:44:19.745 [main] INFO  org.example.service.DataGeneratorService - Finish to generate sample data.
2022-10-29 17:44:19.751 [main] INFO  org.example.Main - Application successfully finished.
2022-10-29 17:44:19.752 [pool-4-thread-1] INFO  org.example.producer.Producer - Started to scan directory + ./data
2022-10-29 17:44:19.763 [pool-4-thread-1] INFO  org.example.producer.Producer - Task for ./data/input1.txt was successfully created.
2022-10-29 17:44:19.763 [pool-3-thread-1] INFO  org.example.recorder.Recorder - ./report/report.txt report record for [012345566 KPetrovich] from the file: ./data/input1.txt
 was successfully formed.
2022-10-29 17:44:19.763 [pool-2-thread-1] INFO  org.example.service.FileAnalyzingTask - [012345566 KPetrovich] record was created.
2022-10-29 17:44:19.763 [pool-4-thread-1] INFO  org.example.producer.Producer - Task for ./data/input0.txt was successfully created.
2022-10-29 17:44:19.763 [pool-4-thread-1] INFO  org.example.producer.Producer - Task for ./data/input2.txt was successfully created.
2022-10-29 17:44:19.764 [pool-4-thread-1] INFO  org.example.producer.Producer - Task for ./data/input3.txt was successfully created.
2022-10-29 17:44:19.764 [pool-4-thread-1] INFO  org.example.producer.Producer - Task for ./data/input7.txt was successfully created.
2022-10-29 17:44:19.765 [pool-3-thread-1] INFO  org.example.recorder.Recorder - [012345566 KPetrovich] from the file: ./data/input1.txt
 report was successfully created in ./report/report.txt.
2022-10-29 17:44:19.765 [pool-2-thread-1] INFO  org.example.consumer.Consumer - Executing task for Analazying task for ./data/input1.txt
2022-10-29 17:44:19.766 [pool-4-thread-1] INFO  org.example.producer.Producer - Task for ./data/input6.txt was successfully created.
2022-10-29 17:44:19.766 [pool-3-thread-1] INFO  org.example.recorder.Recorder - ./report/report.txt report record for [012345566 KPetrovich] from the file: ./data/input0.txt
 was successfully formed.
2022-10-29 17:44:19.766 [pool-4-thread-1] INFO  org.example.producer.Producer - Task for ./data/input4.txt was successfully created.
2022-10-29 17:44:19.766 [pool-4-thread-1] INFO  org.example.producer.Producer - Task for ./data/input5.txt was successfully created.
2022-10-29 17:44:19.766 [pool-2-thread-2] INFO  org.example.service.FileAnalyzingTask - [012345566 KPetrovich] record was created.
2022-10-29 17:44:19.766 [pool-2-thread-2] INFO  org.example.consumer.Consumer - Executing task for Analazying task for ./data/input0.txt
2022-10-29 17:44:19.766 [pool-4-thread-1] INFO  org.example.producer.Producer - Task for ./data/input8.txt was successfully created.
2022-10-29 17:44:19.766 [pool-3-thread-1] INFO  org.example.recorder.Recorder - [012345566 KPetrovich] from the file: ./data/input1.txt
[012345566 KPetrovich] from the file: ./data/input0.txt
 report was successfully created in ./report/report.txt.
2022-10-29 17:44:19.766 [pool-3-thread-1] INFO  org.example.recorder.Recorder - ./report/report.txt report record for [012345566 KPetrovich] from the file: ./data/input2.txt
 was successfully formed.
2022-10-29 17:44:19.766 [pool-2-thread-1] INFO  org.example.service.FileAnalyzingTask - [012345566 KPetrovich] record was created.
2022-10-29 17:44:19.766 [pool-4-thread-1] INFO  org.example.producer.Producer - Task for ./data/input9.txt was successfully created.
2022-10-29 17:44:19.774 [pool-2-thread-1] INFO  org.example.consumer.Consumer - Executing task for Analazying task for ./data/input2.txt
2022-10-29 17:44:19.768 [pool-3-thread-1] INFO  org.example.recorder.Recorder - [012345566 KPetrovich] from the file: ./data/input1.txt
[012345566 KPetrovich] from the file: ./data/input0.txt
[012345566 KPetrovich] from the file: ./data/input2.txt
 report was successfully created in ./report/report.txt.
2022-10-29 17:44:19.780 [pool-4-thread-1] INFO  org.example.producer.Producer - Finished to scan directory ./data
2022-10-29 17:44:19.781 [pool-2-thread-1] INFO  org.example.service.FileAnalyzingTask - [012345566 KPetrovich] record was created.
2022-10-29 17:44:19.782 [pool-2-thread-1] INFO  org.example.consumer.Consumer - Executing task for Analazying task for ./data/input7.txt
2022-10-29 17:44:19.784 [pool-3-thread-1] INFO  org.example.recorder.Recorder - ./report/report.txt report record for [012345566 KPetrovich] from the file: ./data/input7.txt
 was successfully formed.
2022-10-29 17:44:19.784 [pool-3-thread-1] INFO  org.example.recorder.Recorder - [012345566 KPetrovich] from the file: ./data/input1.txt
[012345566 KPetrovich] from the file: ./data/input0.txt
[012345566 KPetrovich] from the file: ./data/input2.txt
[012345566 KPetrovich] from the file: ./data/input7.txt
 report was successfully created in ./report/report.txt.
2022-10-29 17:44:19.785 [pool-3-thread-1] INFO  org.example.recorder.Recorder - ./report/report.txt report record for [012345566 KPetrovich] from the file: ./data/input6.txt
 was successfully formed.
2022-10-29 17:44:19.785 [pool-2-thread-1] INFO  org.example.service.FileAnalyzingTask - [012345566 KPetrovich] record was created.
2022-10-29 17:44:19.785 [pool-2-thread-1] INFO  org.example.consumer.Consumer - Executing task for Analazying task for ./data/input6.txt
2022-10-29 17:44:19.785 [pool-3-thread-1] INFO  org.example.recorder.Recorder - [012345566 KPetrovich] from the file: ./data/input1.txt
[012345566 KPetrovich] from the file: ./data/input0.txt
[012345566 KPetrovich] from the file: ./data/input2.txt
[012345566 KPetrovich] from the file: ./data/input7.txt
[012345566 KPetrovich] from the file: ./data/input6.txt
 report was successfully created in ./report/report.txt.
2022-10-29 17:44:19.786 [pool-3-thread-1] INFO  org.example.recorder.Recorder - ./report/report.txt report record for [012345566 KPetrovich] from the file: ./data/input3.txt
 was successfully formed.
2022-10-29 17:44:19.786 [pool-2-thread-2] INFO  org.example.service.FileAnalyzingTask - [012345566 KPetrovich] record was created.
2022-10-29 17:44:19.786 [pool-2-thread-2] INFO  org.example.consumer.Consumer - Executing task for Analazying task for ./data/input3.txt
2022-10-29 17:44:19.786 [pool-3-thread-1] INFO  org.example.recorder.Recorder - [012345566 KPetrovich] from the file: ./data/input1.txt
[012345566 KPetrovich] from the file: ./data/input0.txt
[012345566 KPetrovich] from the file: ./data/input2.txt
[012345566 KPetrovich] from the file: ./data/input7.txt
[012345566 KPetrovich] from the file: ./data/input6.txt
[012345566 KPetrovich] from the file: ./data/input3.txt
 report was successfully created in ./report/report.txt.
2022-10-29 17:44:19.788 [pool-2-thread-1] INFO  org.example.service.FileAnalyzingTask - [012345566 KPetrovich] record was created.
2022-10-29 17:44:19.788 [pool-3-thread-1] INFO  org.example.recorder.Recorder - ./report/report.txt report record for [012345566 KPetrovich] from the file: ./data/input4.txt
 was successfully formed.
2022-10-29 17:44:19.789 [pool-3-thread-1] INFO  org.example.recorder.Recorder - [012345566 KPetrovich] from the file: ./data/input1.txt
[012345566 KPetrovich] from the file: ./data/input0.txt
[012345566 KPetrovich] from the file: ./data/input2.txt
[012345566 KPetrovich] from the file: ./data/input7.txt
[012345566 KPetrovich] from the file: ./data/input6.txt
[012345566 KPetrovich] from the file: ./data/input3.txt
[012345566 KPetrovich] from the file: ./data/input4.txt
 report was successfully created in ./report/report.txt.
2022-10-29 17:44:19.789 [pool-2-thread-1] INFO  org.example.consumer.Consumer - Executing task for Analazying task for ./data/input4.txt
2022-10-29 17:44:19.794 [pool-2-thread-2] INFO  org.example.service.FileAnalyzingTask - [012345566 KPetrovich] record was created.
2022-10-29 17:44:19.794 [pool-3-thread-1] INFO  org.example.recorder.Recorder - ./report/report.txt report record for [012345566 KPetrovich] from the file: ./data/input5.txt
 was successfully formed.
2022-10-29 17:44:19.795 [pool-2-thread-2] INFO  org.example.consumer.Consumer - Executing task for Analazying task for ./data/input5.txt
2022-10-29 17:44:19.795 [pool-3-thread-1] INFO  org.example.recorder.Recorder - [012345566 KPetrovich] from the file: ./data/input1.txt
[012345566 KPetrovich] from the file: ./data/input0.txt
[012345566 KPetrovich] from the file: ./data/input2.txt
[012345566 KPetrovich] from the file: ./data/input7.txt
[012345566 KPetrovich] from the file: ./data/input6.txt
[012345566 KPetrovich] from the file: ./data/input3.txt
[012345566 KPetrovich] from the file: ./data/input4.txt
[012345566 KPetrovich] from the file: ./data/input5.txt
 report was successfully created in ./report/report.txt.
2022-10-29 17:44:19.796 [pool-3-thread-1] INFO  org.example.recorder.Recorder - ./report/report.txt report record for [012345566 KPetrovich] from the file: ./data/input9.txt
 was successfully formed.
2022-10-29 17:44:19.796 [pool-2-thread-2] INFO  org.example.service.FileAnalyzingTask - [012345566 KPetrovich] record was created.
2022-10-29 17:44:19.797 [pool-2-thread-2] INFO  org.example.consumer.Consumer - Executing task for Analazying task for ./data/input9.txt
2022-10-29 17:44:19.798 [pool-3-thread-1] INFO  org.example.recorder.Recorder - [012345566 KPetrovich] from the file: ./data/input1.txt
[012345566 KPetrovich] from the file: ./data/input0.txt
[012345566 KPetrovich] from the file: ./data/input2.txt
[012345566 KPetrovich] from the file: ./data/input7.txt
[012345566 KPetrovich] from the file: ./data/input6.txt
[012345566 KPetrovich] from the file: ./data/input3.txt
[012345566 KPetrovich] from the file: ./data/input4.txt
[012345566 KPetrovich] from the file: ./data/input5.txt
[012345566 KPetrovich] from the file: ./data/input9.txt
 report was successfully created in ./report/report.txt.
2022-10-29 17:44:19.799 [pool-2-thread-1] INFO  org.example.service.FileAnalyzingTask - [012345566 KPetrovich] record was created.
2022-10-29 17:44:19.799 [pool-3-thread-1] INFO  org.example.recorder.Recorder - ./report/report.txt report record for [012345566 KPetrovich] from the file: ./data/input8.txt
 was successfully formed.
2022-10-29 17:44:19.800 [pool-2-thread-1] INFO  org.example.consumer.Consumer - Executing task for Analazying task for ./data/input8.txt
2022-10-29 17:44:19.800 [pool-3-thread-1] INFO  org.example.recorder.Recorder - [012345566 KPetrovich] from the file: ./data/input1.txt
[012345566 KPetrovich] from the file: ./data/input0.txt
[012345566 KPetrovich] from the file: ./data/input2.txt
[012345566 KPetrovich] from the file: ./data/input7.txt
[012345566 KPetrovich] from the file: ./data/input6.txt
[012345566 KPetrovich] from the file: ./data/input3.txt
[012345566 KPetrovich] from the file: ./data/input4.txt
[012345566 KPetrovich] from the file: ./data/input5.txt
[012345566 KPetrovich] from the file: ./data/input9.txt
[012345566 KPetrovich] from the file: ./data/input8.txt
 report was successfully created in ./report/report.txt.
2022-10-29 17:44:49.758 [pool-4-thread-1] INFO  org.example.producer.Producer - Started to scan directory + ./data
2022-10-29 17:44:49.766 [pool-4-thread-1] INFO  org.example.producer.Producer - Finished to scan directory ./data
2022-10-29 17:45:19.758 [pool-4-thread-1] INFO  org.example.producer.Producer - Started to scan directory + ./data
2022-10-29 17:45:19.769 [pool-4-thread-1] INFO  org.example.producer.Producer - Task for ./data/input9 1.txt was successfully created.
2022-10-29 17:45:19.771 [pool-4-thread-1] INFO  org.example.producer.Producer - Finished to scan directory ./data
2022-10-29 17:45:19.776 [pool-2-thread-2] INFO  org.example.service.FileAnalyzingTask - [012345566 KPetrovich] record was created.
2022-10-29 17:45:19.779 [pool-2-thread-2] INFO  org.example.consumer.Consumer - Executing task for Analazying task for ./data/input9 1.txt
2022-10-29 17:45:19.781 [pool-3-thread-1] INFO  org.example.recorder.Recorder - ./report/report.txt report record for [012345566 KPetrovich] from the file: ./data/input9 1.txt
 was successfully formed.
2022-10-29 17:45:19.784 [pool-3-thread-1] INFO  org.example.recorder.Recorder - [012345566 KPetrovich] from the file: ./data/input1.txt
[012345566 KPetrovich] from the file: ./data/input0.txt
[012345566 KPetrovich] from the file: ./data/input2.txt
[012345566 KPetrovich] from the file: ./data/input7.txt
[012345566 KPetrovich] from the file: ./data/input6.txt
[012345566 KPetrovich] from the file: ./data/input3.txt
[012345566 KPetrovich] from the file: ./data/input4.txt
[012345566 KPetrovich] from the file: ./data/input5.txt
[012345566 KPetrovich] from the file: ./data/input9.txt
[012345566 KPetrovich] from the file: ./data/input8.txt
[012345566 KPetrovich] from the file: ./data/input9 1.txt
 report was successfully created in ./report/report.txt.
